This is pdfTeX, Version 3.14159265-2.6-1.40.19 (TeX Live 2018/Arch Linux) (preloaded format=pdflatex 2019.5.5)  8 MAY 2019 06:55
entering extended mode
 restricted \write18 enabled.
 file:line:error style messages enabled.
 %&-line parsing enabled.
**/home/jackey/Downloads/G53SEC/G53SECReport/Template.tex
(/home/jackey/Downloads/G53SEC/G53SECReport/Template.tex
LaTeX2e <2018-12-01>
(/usr/share/texmf-dist/tex/latex/base/article.cls
Document Class: article 2018/09/03 v1.4i Standard LaTeX document class
(/usr/share/texmf-dist/tex/latex/base/size10.clo
File: size10.clo 2018/09/03 v1.4i Standard LaTeX file (size option)
)
\c@part=\count80
\c@section=\count81
\c@subsection=\count82
\c@subsubsection=\count83
\c@paragraph=\count84
\c@subparagraph=\count85
\c@figure=\count86
\c@table=\count87
\abovecaptionskip=\skip41
\belowcaptionskip=\skip42
\bibindent=\dimen102
) (./spconf.sty) (/usr/share/texmf-dist/tex/latex/amsmath/amsmath.sty
Package: amsmath 2018/12/01 v2.17b AMS math features
\@mathmargin=\skip43

For additional information on amsmath, use the `?' option.
(/usr/share/texmf-dist/tex/latex/amsmath/amstext.sty
Package: amstext 2000/06/29 v2.01 AMS text
 (/usr/share/texmf-dist/tex/latex/amsmath/amsgen.sty
File: amsgen.sty 1999/11/30 v2.0 generic functions
\@emptytoks=\toks14
\ex@=\dimen103
)) (/usr/share/texmf-dist/tex/latex/amsmath/amsbsy.sty
Package: amsbsy 1999/11/29 v1.2d Bold Symbols
\pmbraise@=\dimen104
) (/usr/share/texmf-dist/tex/latex/amsmath/amsopn.sty
Package: amsopn 2016/03/08 v2.02 operator names
)
\inf@bad=\count88
LaTeX Info: Redefining \frac on input line 223.
\uproot@=\count89
\leftroot@=\count90
LaTeX Info: Redefining \overline on input line 385.
\classnum@=\count91
\DOTSCASE@=\count92
LaTeX Info: Redefining \ldots on input line 482.
LaTeX Info: Redefining \dots on input line 485.
LaTeX Info: Redefining \cdots on input line 606.
\Mathstrutbox@=\box27
\strutbox@=\box28
\big@size=\dimen105
LaTeX Font Info:    Redeclaring font encoding OML on input line 729.
LaTeX Font Info:    Redeclaring font encoding OMS on input line 730.
\macc@depth=\count93
\c@MaxMatrixCols=\count94
\dotsspace@=\muskip10
\c@parentequation=\count95
\dspbrk@lvl=\count96
\tag@help=\toks15
\row@=\count97
\column@=\count98
\maxfields@=\count99
\andhelp@=\toks16
\eqnshift@=\dimen106
\alignsep@=\dimen107
\tagshift@=\dimen108
\tagwidth@=\dimen109
\totwidth@=\dimen110
\lineht@=\dimen111
\@envbody=\toks17
\multlinegap=\skip44
\multlinetaggap=\skip45
\mathdisplay@stack=\toks18
LaTeX Info: Redefining \[ on input line 2844.
LaTeX Info: Redefining \] on input line 2845.
) (/usr/share/texmf-dist/tex/latex/graphics/graphicx.sty
Package: graphicx 2017/06/01 v1.1a Enhanced LaTeX Graphics (DPC,SPQR)
 (/usr/share/texmf-dist/tex/latex/graphics/keyval.sty
Package: keyval 2014/10/28 v1.15 key=value parser (DPC)
\KV@toks@=\toks19
) (/usr/share/texmf-dist/tex/latex/graphics/graphics.sty
Package: graphics 2017/06/25 v1.2c Standard LaTeX Graphics (DPC,SPQR)
 (/usr/share/texmf-dist/tex/latex/graphics/trig.sty
Package: trig 2016/01/03 v1.10 sin cos tan (DPC)
) (/usr/share/texmf-dist/tex/latex/graphics-cfg/graphics.cfg
File: graphics.cfg 2016/06/04 v1.11 sample graphics configuration
)
Package graphics Info: Driver file: pdftex.def on input line 99.
 (/usr/share/texmf-dist/tex/latex/graphics-def/pdftex.def
File: pdftex.def 2018/01/08 v1.0l Graphics/color driver for pdftex
))
\Gin@req@height=\dimen112
\Gin@req@width=\dimen113
) (/usr/share/texmf-dist/tex/latex/cite/cite.sty
LaTeX Info: Redefining \cite on input line 302.
LaTeX Info: Redefining \nocite on input line 332.
Package: cite 2015/02/27  v 5.5
) (/usr/share/texmf-dist/tex/latex/float/float.sty
Package: float 2001/11/08 v1.3d Float enhancements (AL)
\c@float@type=\count100
\float@exts=\toks20
\float@box=\box29
\@float@everytoks=\toks21
\@floatcapt=\box30
) (/usr/share/texmf-dist/tex/latex/url/url.sty
\Urlmuskip=\muskip11
Package: url 2013/09/16  ver 3.4  Verb mode for urls, etc.
) (./Template.aux)
\openout1 = `Template.aux'.

LaTeX Font Info:    Checking defaults for OML/cmm/m/it on input line 37.
LaTeX Font Info:    ... okay on input line 37.
LaTeX Font Info:    Checking defaults for T1/cmr/m/n on input line 37.
LaTeX Font Info:    ... okay on input line 37.
LaTeX Font Info:    Checking defaults for OT1/cmr/m/n on input line 37.
LaTeX Font Info:    ... okay on input line 37.
LaTeX Font Info:    Checking defaults for OMS/cmsy/m/n on input line 37.
LaTeX Font Info:    ... okay on input line 37.
LaTeX Font Info:    Checking defaults for OMX/cmex/m/n on input line 37.
LaTeX Font Info:    ... okay on input line 37.
LaTeX Font Info:    Checking defaults for U/cmr/m/n on input line 37.
LaTeX Font Info:    ... okay on input line 37.
LaTeX Font Info:    Try loading font information for OT1+ptm on input line 37.
 (/usr/share/texmf-dist/tex/latex/psnfss/ot1ptm.fd
File: ot1ptm.fd 2001/06/04 font definitions for OT1/ptm.
) (/usr/share/texmf-dist/tex/context/base/mkii/supp-pdf.mkii
[Loading MPS to PDF converter (version 2006.09.02).]
\scratchcounter=\count101
\scratchdimen=\dimen114
\scratchbox=\box31
\nofMPsegments=\count102
\nofMParguments=\count103
\everyMPshowfont=\toks22
\MPscratchCnt=\count104
\MPscratchDim=\dimen115
\MPnumerator=\count105
\makeMPintoPDFobject=\count106
\everyMPtoPDFconversion=\toks23
) (/usr/share/texmf-dist/tex/latex/oberdiek/epstopdf-base.sty
Package: epstopdf-base 2016/05/15 v2.6 Base part for package epstopdf
 (/usr/share/texmf-dist/tex/generic/oberdiek/infwarerr.sty
Package: infwarerr 2016/05/16 v1.4 Providing info/warning/error messages (HO)
) (/usr/share/texmf-dist/tex/latex/oberdiek/grfext.sty
Package: grfext 2016/05/16 v1.2 Manage graphics extensions (HO)
 (/usr/share/texmf-dist/tex/generic/oberdiek/kvdefinekeys.sty
Package: kvdefinekeys 2016/05/16 v1.4 Define keys (HO)
 (/usr/share/texmf-dist/tex/generic/oberdiek/ltxcmds.sty
Package: ltxcmds 2016/05/16 v1.23 LaTeX kernel commands for general use (HO)
))) (/usr/share/texmf-dist/tex/latex/oberdiek/kvoptions.sty
Package: kvoptions 2016/05/16 v3.12 Key value format for package options (HO)
 (/usr/share/texmf-dist/tex/generic/oberdiek/kvsetkeys.sty
Package: kvsetkeys 2016/05/16 v1.17 Key value parser (HO)
 (/usr/share/texmf-dist/tex/generic/oberdiek/etexcmds.sty
Package: etexcmds 2016/05/16 v1.6 Avoid name clashes with e-TeX commands (HO)
 (/usr/share/texmf-dist/tex/generic/oberdiek/ifluatex.sty
Package: ifluatex 2016/05/16 v1.4 Provides the ifluatex switch (HO)
Package ifluatex Info: LuaTeX not detected.
)
Package etexcmds Info: Could not find \expanded.
(etexcmds)             That can mean that you are not using pdfTeX 1.50 or
(etexcmds)             that some package has redefined \expanded.
(etexcmds)             In the latter case, load this package earlier.
))) (/usr/share/texmf-dist/tex/generic/oberdiek/pdftexcmds.sty
Package: pdftexcmds 2018/09/10 v0.29 Utility functions of pdfTeX for LuaTeX (HO)
 (/usr/share/texmf-dist/tex/generic/oberdiek/ifpdf.sty
Package: ifpdf 2018/09/07 v3.3 Provides the ifpdf switch
)
Package pdftexcmds Info: LuaTeX not detected.
Package pdftexcmds Info: \pdf@primitive is available.
Package pdftexcmds Info: \pdf@ifprimitive is available.
Package pdftexcmds Info: \pdfdraftmode found.
)
Package epstopdf-base Info: Redefining graphics rule for `.eps' on input line 438.
Package grfext Info: Graphics extension search list:
(grfext)             [.pdf,.png,.jpg,.mps,.jpeg,.jbig2,.jb2,.PDF,.PNG,.JPG,.JPEG,.JBIG2,.JB2,.eps]
(grfext)             \AppendGraphicsExtensions on input line 456.
 (/usr/share/texmf-dist/tex/latex/latexconfig/epstopdf-sys.cfg
File: epstopdf-sys.cfg 2010/07/13 v1.3 Configuration of (r)epstopdf for TeX Live
))
LaTeX Font Info:    Font shape `OT1/ptm/bx/n' in size <12> not available
(Font)              Font shape `OT1/ptm/b/n' tried instead on input line 40.
LaTeX Font Info:    Font shape `OT1/ptm/bx/n' in size <10> not available
(Font)              Font shape `OT1/ptm/b/n' tried instead on input line 43.
 [1{/var/lib/texmf/fonts/map/pdftex/updmap/pdftex.map}



]
<firewall.png, id=9, 456.20438pt x 228.10219pt>
File: firewall.png Graphic file (type png)
<use firewall.png>
Package pdftex.def Info: firewall.png  used on input line 111.
(pdftex.def)             Requested size: 241.84842pt x 120.92142pt.
<ssh.jpg, id=10, 660.21657pt x 247.67531pt>
File: ssh.jpg Graphic file (type jpg)
<use ssh.jpg>
Package pdftex.def Info: ssh.jpg  used on input line 125.
(pdftex.def)             Requested size: 241.84842pt x 90.72763pt.
<ssh1.jpg, id=11, 493.0922pt x 258.21469pt>
File: ssh1.jpg Graphic file (type jpg)
<use ssh1.jpg>
Package pdftex.def Info: ssh1.jpg  used on input line 141.
(pdftex.def)             Requested size: 241.84842pt x 126.64844pt.
<ssh2.jpg, id=12, 578.16pt x 236.38312pt>
File: ssh2.jpg Graphic file (type jpg)
<use ssh2.jpg>
Package pdftex.def Info: ssh2.jpg  used on input line 152.
(pdftex.def)             Requested size: 241.84842pt x 98.87985pt.
<kali1.png, id=13, 571.38469pt x 371.88937pt>
File: kali1.png Graphic file (type png)
<use kali1.png>
Package pdftex.def Info: kali1.png  used on input line 183.
(pdftex.def)             Requested size: 241.84842pt x 157.40681pt.

Underfull \vbox (badness 10000) has occurred while \output is active []

 [2 <./firewall.png (PNG copy)> <./ssh.jpg> <./ssh1.jpg> <./ssh2.jpg>]
<kali2.png, id=17, 805.50937pt x 557.08125pt>
File: kali2.png Graphic file (type png)
<use kali2.png>
Package pdftex.def Info: kali2.png  used on input line 194.
(pdftex.def)             Requested size: 241.84842pt x 167.25317pt.
<kali3.png, id=18, 807.7678pt x 560.0925pt>
File: kali3.png Graphic file (type png)
<use kali3.png>
Package pdftex.def Info: kali3.png  used on input line 204.
(pdftex.def)             Requested size: 241.84842pt x 167.68718pt.

Underfull \vbox (badness 10000) has occurred while \output is active []

<kali4.png, id=19, 807.7678pt x 559.33969pt>
File: kali4.png Graphic file (type png)
<use kali4.png>
Package pdftex.def Info: kali4.png  used on input line 218.
(pdftex.def)             Requested size: 241.84842pt x 167.4618pt.
<kali5.png, id=20, 803.25093pt x 557.83406pt>
File: kali5.png Graphic file (type png)
<use kali5.png>
Package pdftex.def Info: kali5.png  used on input line 225.
(pdftex.def)             Requested size: 113.81102pt x 79.03253pt.
<kali6.png, id=21, 807.015pt x 560.8453pt>
File: kali6.png Graphic file (type png)
<use kali6.png>
Package pdftex.def Info: kali6.png  used on input line 232.
(pdftex.def)             Requested size: 113.81102pt x 79.09117pt.
<kali7.png, id=22, 809.27344pt x 554.82281pt>
File: kali7.png Graphic file (type png)
<use kali7.png>
Package pdftex.def Info: kali7.png  used on input line 249.
(pdftex.def)             Requested size: 113.81102pt x 78.02176pt.
<kali8.png, id=23, 809.27344pt x 559.33969pt>
File: kali8.png Graphic file (type png)
<use kali8.png>
Package pdftex.def Info: kali8.png  used on input line 256.
(pdftex.def)             Requested size: 113.81102pt x 78.65694pt.
 [3 <./kali1.png (PNG copy)> <./kali2.png (PNG copy)> <./kali3.png (PNG copy)> <./kali4.png (PNG copy)> <./kali5.png (PNG copy)> <./kali6.png (PNG copy)>] (./Template.bbl
LaTeX Font Info:    Try loading font information for OT1+pcr on input line 23.
 (/usr/share/texmf-dist/tex/latex/psnfss/ot1pcr.fd
File: ot1pcr.fd 2001/06/04 font definitions for OT1/pcr.
)
Underfull \hbox (badness 6775) in paragraph at lines 21--26
[]\OT1/ptm/m/n/10 Buddhika Chamith,  ``Ssh tun-nel-ing ex-plained,''
 []


Underfull \hbox (badness 10000) in paragraph at lines 21--26
\OT1/pcr/m/n/10 https : / / chamibuddhika . wordpress . com /
 []


Underfull \hbox (badness 10000) in paragraph at lines 21--26
\OT1/pcr/m/n/10 2012 / 03 / 21 / ssh-[]tunnelling-[]explained/$\OT1/ptm/m/n/10 ,
 []

) [4 <./kali7.png (PNG copy)> <./kali8.png (PNG copy)>] (./Template.aux) ) 
Here is how much of TeX's memory you used:
 2452 strings out of 492616
 32175 string characters out of 6135178
 102410 words of memory out of 5000000
 6309 multiletter control sequences out of 15000+600000
 17809 words of font info for 42 fonts, out of 8000000 for 9000
 1141 hyphenation exceptions out of 8191
 41i,7n,25p,318b,292s stack positions out of 5000i,500n,10000p,200000b,80000s
{/usr/share/texmf-dist/fonts/enc/dvips/base/8r.enc}</usr/share/texmf-dist/fonts/type1/urw/courier/ucrr8a.pfb></usr/share/texmf-dist/fonts/type1/urw/times/utmb8a.pfb></usr/share/texmf-dist/fonts/type1/urw/times/utmr8a.pfb></usr/share/texmf-dist/fonts/type1/urw/times/utmri8a.pfb>
Output written on Template.pdf (4 pages, 1229750 bytes).
PDF statistics:
 46 PDF objects out of 1000 (max. 8388607)
 23 compressed objects within 1 object stream
 0 named destinations out of 1000 (max. 500000)
 61 words of extra memory for PDF output out of 10000 (max. 10000000)

